This is TeX, Version 3.14159 (Web2C 7.4.5) (format=latex 2004.4.6)  8 JAN 2008 15:26
**Handbuch.tex
(./Handbuch.tex
LaTeX2e <2001/06/01>
Babel <v3.7h> and hyphenation patterns for american, french, german, ngerman, n
ohyphenation, loaded.
(/usr/share/texmf/tex/latex/koma-script/scrreprt.cls
Document Class: scrreprt 2003/01/31 v2.9n LaTeX2e KOMA document class
(/usr/share/texmf/tex/latex/koma-script/scrlfile.sty
Package: scrlfile 2003/01/31 v2.9n LaTeX2e KOMA package

Package scrlfile, 2003/01/31 v2.9n LaTeX2e KOMA package
                  Copyright (C) Markus Kohm

) (/usr/share/texmf/tex/latex/base/size10.clo
File: size10.clo 2001/04/21 v1.4e Standard LaTeX file (size option)
)
(/usr/share/texmf/tex/latex/koma-script/typearea.sty
Package: typearea 2003/01/31 v2.9n LaTeX2e KOMA package

Package typearea, 2003/01/31 v2.9n LaTeX2e KOMA package
                  Copyright (C) Frank Neukam, 1992-1994
                  Copyright (C) Markus Kohm, 1994-2002

\ta@bcor=\skip41
\ta@div=\count79
\ta@hblk=\skip42
\ta@vblk=\skip43
\ta@temp=\skip44
Package typearea Info: These are the values describing the layout:
(typearea)             DIV  = 8
(typearea)             BCOR = 0.0pt
(typearea)             \paperwidth      = 597.50793pt
(typearea)              \textwidth      = 373.44246pt
(typearea)              DIV-departure   = -4/100
(typearea)              \evensidemargin = 77.107pt
(typearea)              \oddsidemargin  = 2.4185pt
(typearea)             \paperheight     = 845.04694pt
(typearea)              \textheight     = 538.0pt
(typearea)              \topmargin      = 0.36087pt
(typearea)              \headheight     = 15.0pt
(typearea)              \headsep        = 18.0pt
(typearea)              \topskip        = 10.0pt
(typearea)              \footskip       = 42.0pt
(typearea)              \baselineskip   = 12.0pt
(typearea)              on input line 625.
)
\c@part=\count80
\c@chapter=\count81
\c@section=\count82
\c@subsection=\count83
\c@subsubsection=\count84
\c@paragraph=\count85
\c@subparagraph=\count86
\c@figure=\count87
\c@table=\count88
\abovecaptionskip=\skip45
\belowcaptionskip=\skip46
\c@pti@nb@sid@b@x=\box26
\bibindent=\dimen102
) (/usr/share/texmf/tex/generic/german/ngerman.sty v2.5e 1998-07-08
Package: ngerman 1998/07/08 v2.5e Support for writing german texts (br)
\grmnU@D=\dimen103
)
(/usr/share/texmf/tex/latex/base/fontenc.sty
Package: fontenc 2001/06/05 v1.94 Standard LaTeX package

(/usr/share/texmf/tex/latex/base/t1enc.def
File: t1enc.def 2001/06/05 v1.94 Standard LaTeX file
LaTeX Font Info:    Redeclaring font encoding T1 on input line 38.
))
(/usr/share/texmf/tex/latex/was/gensymb.sty
Package: gensymb 2003/02/12 v0.99 (WaS)
)
(/usr/share/texmf/tex/latex/misc/index.sty
Style-Option: `index' v3.02 <15 September 1993> (dmj)
\@indexbox=\insert233
\indexproofstyle=\toks14
)
\tf@default=\write3
\idxtitle@default=\toks15
\openout3 = `Handbuch.idx'.


index.sty> Writing index file Handbuch.idx 
(/usr/share/texmf/tex/latex/amsmath/amsmath.sty
Package: amsmath 2000/07/18 v2.13 AMS math features
\@mathmargin=\skip47

For additional information on amsmath, use the `?' option.
(/usr/share/texmf/tex/latex/amsmath/amstext.sty
Package: amstext 2000/06/29 v2.01

(/usr/share/texmf/tex/latex/amsmath/amsgen.sty
File: amsgen.sty 1999/11/30 v2.0
\@emptytoks=\toks16
\ex@=\dimen104
))
(/usr/share/texmf/tex/latex/amsmath/amsbsy.sty
Package: amsbsy 1999/11/29 v1.2d
\pmbraise@=\dimen105
)
(/usr/share/texmf/tex/latex/amsmath/amsopn.sty
Package: amsopn 1999/12/14 v2.01 operator names
)
\inf@bad=\count89
LaTeX Info: Redefining \frac on input line 211.
\uproot@=\count90
\leftroot@=\count91
LaTeX Info: Redefining \overline on input line 307.
\classnum@=\count92
\DOTSCASE@=\count93
LaTeX Info: Redefining \ldots on input line 379.
LaTeX Info: Redefining \dots on input line 382.
LaTeX Info: Redefining \cdots on input line 467.
\Mathstrutbox@=\box27
\strutbox@=\box28
\big@size=\dimen106
LaTeX Font Info:    Redeclaring font encoding OML on input line 567.
LaTeX Font Info:    Redeclaring font encoding OMS on input line 568.
\macc@depth=\count94
\c@MaxMatrixCols=\count95
\dotsspace@=\muskip10
\c@parentequation=\count96
\dspbrk@lvl=\count97
\tag@help=\toks17
\row@=\count98
\column@=\count99
\maxfields@=\count100
\andhelp@=\toks18
\eqnshift@=\dimen107
\alignsep@=\dimen108
\tagshift@=\dimen109
\tagwidth@=\dimen110
\totwidth@=\dimen111
\lineht@=\dimen112
\@envbody=\toks19
\multlinegap=\skip48
\multlinetaggap=\skip49
\mathdisplay@stack=\toks20
LaTeX Info: Redefining \[ on input line 2666.
LaTeX Info: Redefining \] on input line 2667.
)
(/usr/share/texmf/tex/latex/amsfonts/amsfonts.sty
Package: amsfonts 2001/10/25 v2.2f
\symAMSa=\mathgroup4
\symAMSb=\mathgroup5
LaTeX Font Info:    Overwriting math alphabet `\mathfrak' in version `bold'
(Font)                  U/euf/m/n --> U/euf/b/n on input line 132.
)
(/usr/share/texmf/tex/latex/amsfonts/amssymb.sty
Package: amssymb 2002/01/22 v2.2d
)
(/usr/share/texmf/tex/latex/amsfonts/eufrak.sty

Package eufrak Warning: The eufrak package is redundant if the amsfonts package
 is used on input line 58.

) (/usr/share/texmf/tex/latex/listings/listings.sty
Package: listings 2002/04/01 1.0 (Carsten Heinz)

(/usr/share/texmf/tex/latex/graphics/keyval.sty
Package: keyval 1999/03/16 v1.13 key=value parser (DPC)
\KV@toks@=\toks21
)
\lst@mode=\count101
\lst@gtempboxa=\box29
\lst@token=\toks22
\lst@length=\count102
\lst@currlwidth=\dimen113
\lst@column=\count103
\lst@pos=\count104
\lst@lostspace=\dimen114
\lst@width=\dimen115
\lst@newlines=\count105
\lst@lineno=\count106
\c@lstlisting=\count107
\lst@maxwidth=\dimen116

(/usr/share/texmf/tex/latex/listings/lstpatch.sty
File: lstpatch.sty 2002/10/13 1.0i (Carsten Heinz)
)
(/usr/share/texmf/tex/latex/listings/lstmisc.sty
File: lstmisc.sty 2002/04/01 1.0 (Carsten Heinz)
\c@lstnumber=\count108
\lst@skipnumbers=\count109
\lst@framebox=\box30
)
(/usr/share/texmf/tex/latex/listings/listings.cfg
File: listings.cfg 2002/04/01 v1.0 listings configuration
))
(/usr/share/texmf/tex/latex/misc/bibgerm.sty
Package: bibgerm 2000/08/18 v0.1 Support for mixed language bibliographies

** Macros for german `BibTeX'ing added to Style Option `german' 20 Apr 1993 **
** idea and languages `german' and `USenglish' implemented by M. Wallmeier **
** Modified for LaTeX 2e and german.sty 2.5b by A. Scherer 1 Nov 1995 **
** Modified for ngerman.sty and babel.sty by H. Harders 21 August 2000 **)
(/usr/share/texmf/tex/latex/graphics/graphicx.sty
Package: graphicx 1999/02/16 v1.0f Enhanced LaTeX Graphics (DPC,SPQR)

(/usr/share/texmf/tex/latex/graphics/graphics.sty
Package: graphics 2001/07/07 v1.0n Standard LaTeX Graphics (DPC,SPQR)

(/usr/share/texmf/tex/latex/graphics/trig.sty
Package: trig 1999/03/16 v1.09 sin cos tan (DPC)
)
(/usr/share/texmf/tex/latex/config/graphics.cfg
File: graphics.cfg 2001/08/31 v1.1 graphics configuration of teTeX/TeXLive
)
Package graphics Info: Driver file: dvips.def on input line 80.

(/usr/share/texmf/tex/latex/graphics/dvips.def
File: dvips.def 1999/02/16 v3.0i Driver-dependant file (DPC,SPQR)
))
\Gin@req@height=\dimen117
\Gin@req@width=\dimen118
)
(/usr/share/texmf/tex/latex/listings/lstlang1.sty
File: lstlang1 2002/07/31 v1.0d listings language file
)
(/usr/share/texmf/tex/latex/fancyhdr/fancyhdr.sty
\headwidth=\dimen119
) (./Handbuch.aux)
\openout1 = `Handbuch.aux'.

LaTeX Font Info:    Checking defaults for OML/cmm/m/it on input line 41.
LaTeX Font Info:    ... okay on input line 41.
LaTeX Font Info:    Checking defaults for T1/cmr/m/n on input line 41.
LaTeX Font Info:    ... okay on input line 41.
LaTeX Font Info:    Checking defaults for OT1/cmr/m/n on input line 41.
LaTeX Font Info:    ... okay on input line 41.
LaTeX Font Info:    Checking defaults for OMS/cmsy/m/n on input line 41.
LaTeX Font Info:    ... okay on input line 41.
LaTeX Font Info:    Checking defaults for OMX/cmex/m/n on input line 41.
LaTeX Font Info:    ... okay on input line 41.
LaTeX Font Info:    Checking defaults for U/cmr/m/n on input line 41.
LaTeX Font Info:    ... okay on input line 41.
LaTeX Info: Redefining \celsius on input line 41.
Package gensymb Info: Faking symbols for \degree and \celsius on input line 41.



Package gensymb Warning: \perthousand will not be available.

LaTeX Info: Redefining \ohm on input line 41.
Package gensymb Info: Using \Omega for \ohm on input line 41.

Package gensymb Warning: \micro will not be available.


bibgerm.sty: (n)german.sty 2.5b detected

LaTeX Font Info:    Try loading font information for T1+cmss on input line 43.
(/usr/share/texmf/tex/latex/base/t1cmss.fd
File: t1cmss.fd 1999/05/25 v2.5h Standard LaTeX font definitions
)
LaTeX Font Info:    Try loading font information for U+msa on input line 43.

(/usr/share/texmf/tex/latex/amsfonts/umsa.fd
File: umsa.fd 2002/01/19 v2.2g AMS font definitions
)
LaTeX Font Info:    Try loading font information for U+msb on input line 43.

(/usr/share/texmf/tex/latex/amsfonts/umsb.fd
File: umsb.fd 2002/01/19 v2.2g AMS font definitions
) [1


] [2

]
Overfull \hbox (1.77504pt too wide) in paragraph at lines 45--46
[]\T1/cmr/m/n/10 In die-sem Do-ku-ment stellt ei-ne kur-ze An-lei-tung dar, wie
 man das Ja-va Interpolations-
 []

[3

] (./Handbuch.toc)
\tf@toc=\write4
\openout4 = `Handbuch.toc'.

 [4

]
Kapitel 1.
[5

]
Kapitel 2.
LaTeX Font Info:    Try loading font information for T1+cmtt on input line 53.
(/usr/share/texmf/tex/latex/base/t1cmtt.fd
File: t1cmtt.fd 1999/05/25 v2.5h Standard LaTeX font definitions
)
LaTeX Font Info:    Try loading font information for OMS+cmr on input line 61.

(/usr/share/texmf/tex/latex/base/omscmr.fd
File: omscmr.fd 1999/05/25 v2.5h Standard LaTeX font definitions
)
LaTeX Font Info:    Font shape `OMS/cmr/m/n' in size <10> not available
(Font)              Font shape `OMS/cmsy/m/n' tried instead on input line 61.
File: /home/java/Documents/Tex/Tex/start.eps Graphic file (type eps)

</home/java/Documents/Tex/Tex/start.eps> [6

]
File: /home/java/Documents/Tex/feu_logo2.eps Graphic file (type eps)

</home/java/Documents/Tex/feu_logo2.eps> [7]
Kapitel 3.
[8

]
Kapitel 4.

Overfull \hbox (4.96625pt too wide) in paragraph at lines 93--94
\T1/cmr/m/n/10 ^^f6ff-net sich ein Dateiauswahl-Dialog, in dem Sie einen Da-tei
n-amen f^^fcr die Schnappschuss-
 []

[9

]
Kapitel 5.
File: /home/java/Documents/Tex/Tex/Config.eps Graphic file (type eps)
</home/java/Documents/Tex/Tex/Config.eps>
Overfull \hbox (42.80875pt too wide) in paragraph at lines 117--118
 [][] 
 []

[10

]
Kapitel 6.
File: /home/java/Documents/Tex/Tex/Splits.eps Graphic file (type eps)
</home/java/Documents/Tex/Tex/Splits.eps>
File: /home/java/Documents/Tex/Tex/Match.eps Graphic file (type eps)

</home/java/Documents/Tex/Tex/Match.eps>
Overfull \hbox (14.71521pt too wide) in paragraph at lines 147--148
[]\T1/cmr/m/n/10 Mit Hil-fe des Zeit-Einstellers in der obers-ten Tool-bar k^^f
6n-nen Sie den zwei-ten ScSchnapp-
 []

File: /home/java/Documents/Tex/Tex/Result.eps Graphic file (type eps)
</home/java/Documents/Tex/Tex/Result.eps> [11

]
File: /home/java/Documents/Tex/feu_logo2.eps Graphic file (type eps)

</home/java/Documents/Tex/feu_logo2.eps> [12]
File: /home/java/Documents/Tex/Tex/Second.eps Graphic file (type eps)

</home/java/Documents/Tex/Tex/Second.eps>
Overfull \hbox (7.18098pt too wide) in paragraph at lines 173--174
 [][] 
 []

File: /home/java/Documents/Tex/Tex/Sections.eps Graphic file (type eps)
</home/java/Documents/Tex/Tex/Sections.eps>
Overfull \hbox (7.18098pt too wide) in paragraph at lines 183--184
 [][] 
 []

File: /home/java/Documents/Tex/feu_logo2.eps Graphic file (type eps)
</home/java/Documents/Tex/feu_logo2.eps> [13]
File: /home/java/Documents/Tex/Tex/vrml.eps Graphic file (type eps)

</home/java/Documents/Tex/Tex/vrml.eps>
File: /home/java/Documents/Tex/feu_logo2.eps Graphic file (type eps)

</home/java/Documents/Tex/feu_logo2.eps> [14]
File: /home/java/Documents/Tex/feu_logo2.eps Graphic file (type eps)

</home/java/Documents/Tex/feu_logo2.eps> [15]
File: /home/java/Documents/Tex/feu_logo2.eps Graphic file (type eps)

</home/java/Documents/Tex/feu_logo2.eps> [16] (./Handbuch.aux) ) 
Here is how much of TeX's memory you used:
 3840 strings out of 95847
 48687 string characters out of 1195963
 112103 words of memory out of 1000001
 6716 multiletter control sequences out of 10000+50000
 12467 words of font info for 36 fonts, out of 500000 for 1000
 14 hyphenation exceptions out of 1000
 30i,11n,45p,559b,578s stack positions out of 1500i,500n,5000p,200000b,5000s

Output written on Handbuch.dvi (16 pages, 18912 bytes).
